MCS-Spring-2016-Mobile-Application-Development/Inclass Assignments/PA4AD_Ch09_MyService/app/build/outputs/logs/manifest-merger-debug-report.txt
-- Merging decision tree log ---
manifest
ADDED from src\main\AndroidManifest.xml:2:1-23:12
	package
		ADDED from src\main\AndroidManifest.xml:3:3-30
		INJECTED from src\main\AndroidManifest.xml
		INJECTED from src\main\AndroidManifest.xml
	android:versionName
		ADDED from src\main\AndroidManifest.xml:5:3-28
		INJECTED from src\main\AndroidManifest.xml
		INJECTED from src\main\AndroidManifest.xml
	android:versionCode
		ADDED from src\main\AndroidManifest.xml:4:3-26
		INJECTED from src\main\AndroidManifest.xml
		INJECTED from src\main\AndroidManifest.xml
	xmlns:android
		ADDED from src\main\AndroidManifest.xml:2:11-69
application
ADDED from src\main\AndroidManifest.xml:7:3-22:17
	android:label
		ADDED from src\main\AndroidManifest.xml:9:5-37
	android:icon
		ADDED from src\main\AndroidManifest.xml:8:5-41
activity#com.paad.services.MyActivity
ADDED from src\main\AndroidManifest.xml:10:5-17:16
	android:label
		ADDED from src\main\AndroidManifest.xml:12:7-39
	android:name
		ADDED from src\main\AndroidManifest.xml:11:7-33
intent-filter#android.intent.action.MAIN+android.intent.category.LAUNCHER
ADDED from src\main\AndroidManifest.xml:13:7-16:23
action#android.intent.action.MAIN
ADDED from src\main\AndroidManifest.xml:14:9-61
	android:name
		ADDED from src\main\AndroidManifest.xml:14:17-58
category#android.intent.category.LAUNCHER
ADDED from src\main\AndroidManifest.xml:15:9-69
	android:name
		ADDED from src\main\AndroidManifest.xml:15:19-66
service#com.paad.services.MyService
ADDED from src\main\AndroidManifest.xml:19:5-64
	android:enabled
		ADDED from src\main\AndroidManifest.xml:19:14-36
	android:name
		ADDED from src\main\AndroidManifest.xml:19:37-62
service#com.paad.services.MyMusicService
ADDED from src\main\AndroidManifest.xml:20:5-69
	android:enabled
		ADDED from src\main\AndroidManifest.xml:20:14-36
	android:name
		ADDED from src\main\AndroidManifest.xml:20:37-67
service#com.paad.services.MyIntentService
ADDED from src\main\AndroidManifest.xml:21:5-70
	android:enabled
		ADDED from src\main\AndroidManifest.xml:21:14-36
	android:name
		ADDED from src\main\AndroidManifest.xml:21:37-68